  Building Custom Rule C:/Users/Charbel/Desktop/CJ_YOLO_v4/Yolo-v4/darknet/CMakeLists.txt
  Microsoft (R) C/C++ Optimizing Compiler Version 19.27.29111 for x64
  Copyright (C) Microsoft Corporation.  All rights reserved.
  cl /c /I"C:\Users\Charbel\Desktop\CJ_YOLO_v4\Yolo-v4\darknet\include" /I"C:\Users\Charbel\Desktop\CJ_YOLO_v4\Yolo-v4\darknet\src" /I"C:\Users\Charbel\Desktop\CJ_YOLO_v4\Yolo-v4\darknet\3rdparty\stb\include" /I"C:\Users\Charbel\Desktop\CJ_YOLO_v4\Yolo-v4\darknet\3rdparty\pthreads\include" /W1 /WX- /diagnostics:column /Ox /Ob2 /D _MBCS /D WIN32 /D _WINDOWS /D NDEBUG /D USE_CMAKE_LIBS /D _CRT_RAND_S /D NOMINMAX /D _USE_MATH_DEFINES /D _TIMESPEC_DEFINED /D "CMAKE_INTDIR=\"Release\"" /Gm- /EHsc /MD /GS /fp:fast /Zc:wchar_t /Zc:forScope /Zc:inline /GR /openmp /Fo"darknet.dir\Release\\" /Fd"darknet.dir\Release\vc142.pdb" /Gd /TC /wd4013 /wd4018 /wd4028 /wd4047 /wd4068 /wd4090 /wd4101 /wd4113 /wd4133 /wd4190 /wd4244 /wd4267 /wd4305 /wd4477 /wd4996 /wd4819 /errorReport:prompt "C:\Users\Charbel\Desktop\CJ_YOLO_v4\Yolo-v4\darknet\src\darknet.c" "C:\Users\Charbel\Desktop\CJ_YOLO_v4\Yolo-v4\darknet\src\activation_layer.c" "C:\Users\Charbel\Desktop\CJ_YOLO_v4\Yolo-v4\darknet\src\activations.c" "C:\Users\Charbel\Desktop\CJ_YOLO_v4\Yolo-v4\darknet\src\art.c" "C:\Users\Charbel\Desktop\CJ_YOLO_v4\Yolo-v4\darknet\src\avgpool_layer.c" "C:\Users\Charbel\Desktop\CJ_YOLO_v4\Yolo-v4\darknet\src\batchnorm_layer.c" "C:\Users\Charbel\Desktop\CJ_YOLO_v4\Yolo-v4\darknet\src\blas.c" "C:\Users\Charbel\Desktop\CJ_YOLO_v4\Yolo-v4\darknet\src\box.c" "C:\Users\Charbel\Desktop\CJ_YOLO_v4\Yolo-v4\darknet\src\captcha.c" "C:\Users\Charbel\Desktop\CJ_YOLO_v4\Yolo-v4\darknet\src\cifar.c" "C:\Users\Charbel\Desktop\CJ_YOLO_v4\Yolo-v4\darknet\src\classifier.c" "C:\Users\Charbel\Desktop\CJ_YOLO_v4\Yolo-v4\darknet\src\coco.c" "C:\Users\Charbel\Desktop\CJ_YOLO_v4\Yolo-v4\darknet\src\col2im.c" "C:\Users\Charbel\Desktop\CJ_YOLO_v4\Yolo-v4\darknet\src\compare.c" "C:\Users\Charbel\Desktop\CJ_YOLO_v4\Yolo-v4\darknet\src\connected_layer.c" "C:\Users\Charbel\Desktop\CJ_YOLO_v4\Yolo-v4\darknet\src\conv_lstm_layer.c" "C:\Users\Charbel\Desktop\CJ_YOLO_v4\Yolo-v4\darknet\src\convolutional_layer.c" "C:\Users\Charbel\Desktop\CJ_YOLO_v4\Yolo-v4\darknet\src\cost_layer.c" "C:\Users\Charbel\Desktop\CJ_YOLO_v4\Yolo-v4\darknet\src\cpu_gemm.c" "C:\Users\Charbel\Desktop\CJ_YOLO_v4\Yolo-v4\darknet\src\crnn_layer.c" "C:\Users\Charbel\Desktop\CJ_YOLO_v4\Yolo-v4\darknet\src\crop_layer.c" "C:\Users\Charbel\Desktop\CJ_YOLO_v4\Yolo-v4\darknet\src\dark_cuda.c" "C:\Users\Charbel\Desktop\CJ_YOLO_v4\Yolo-v4\darknet\src\data.c" "C:\Users\Charbel\Desktop\CJ_YOLO_v4\Yolo-v4\darknet\src\deconvolutional_layer.c" "C:\Users\Charbel\Desktop\CJ_YOLO_v4\Yolo-v4\darknet\src\demo.c" "C:\Users\Charbel\Desktop\CJ_YOLO_v4\Yolo-v4\darknet\src\detection_layer.c" "C:\Users\Charbel\Desktop\CJ_YOLO_v4\Yolo-v4\darknet\src\detector.c" "C:\Users\Charbel\Desktop\CJ_YOLO_v4\Yolo-v4\darknet\src\dice.c" "C:\Users\Charbel\Desktop\CJ_YOLO_v4\Yolo-v4\darknet\src\dropout_layer.c" "C:\Users\Charbel\Desktop\CJ_YOLO_v4\Yolo-v4\darknet\src\gaussian_yolo_layer.c" "C:\Users\Charbel\Desktop\CJ_YOLO_v4\Yolo-v4\darknet\src\gemm.c" "C:\Users\Charbel\Desktop\CJ_YOLO_v4\Yolo-v4\darknet\src\getopt.c" "C:\Users\Charbel\Desktop\CJ_YOLO_v4\Yolo-v4\darknet\src\gettimeofday.c" "C:\Users\Charbel\Desktop\CJ_YOLO_v4\Yolo-v4\darknet\src\go.c" "C:\Users\Charbel\Desktop\CJ_YOLO_v4\Yolo-v4\darknet\src\gru_layer.c" "C:\Users\Charbel\Desktop\CJ_YOLO_v4\Yolo-v4\darknet\src\im2col.c" "C:\Users\Charbel\Desktop\CJ_YOLO_v4\Yolo-v4\darknet\src\image.c" "C:\Users\Charbel\Desktop\CJ_YOLO_v4\Yolo-v4\darknet\src\layer.c" "C:\Users\Charbel\Desktop\CJ_YOLO_v4\Yolo-v4\darknet\src\list.c" "C:\Users\Charbel\Desktop\CJ_YOLO_v4\Yolo-v4\darknet\src\local_layer.c" "C:\Users\Charbel\Desktop\CJ_YOLO_v4\Yolo-v4\darknet\src\lstm_layer.c" "C:\Users\Charbel\Desktop\CJ_YOLO_v4\Yolo-v4\darknet\src\matrix.c" "C:\Users\Charbel\Desktop\CJ_YOLO_v4\Yolo-v4\darknet\src\maxpool_layer.c" "C:\Users\Charbel\Desktop\CJ_YOLO_v4\Yolo-v4\darknet\src\network.c" "C:\Users\Charbel\Desktop\CJ_YOLO_v4\Yolo-v4\darknet\src\nightmare.c" "C:\Users\Charbel\Desktop\CJ_YOLO_v4\Yolo-v4\darknet\src\normalization_layer.c" "C:\Users\Charbel\Desktop\CJ_YOLO_v4\Yolo-v4\darknet\src\option_list.c" "C:\Users\Charbel\Desktop\CJ_YOLO_v4\Yolo-v4\darknet\src\parser.c" "C:\Users\Charbel\Desktop\CJ_YOLO_v4\Yolo-v4\darknet\src\region_layer.c" "C:\Users\Charbel\Desktop\CJ_YOLO_v4\Yolo-v4\darknet\src\reorg_layer.c" "C:\Users\Charbel\Desktop\CJ_YOLO_v4\Yolo-v4\darknet\src\reorg_old_layer.c" "C:\Users\Charbel\Desktop\CJ_YOLO_v4\Yolo-v4\darknet\src\representation_layer.c" "C:\Users\Charbel\Desktop\CJ_YOLO_v4\Yolo-v4\darknet\src\rnn.c" "C:\Users\Charbel\Desktop\CJ_YOLO_v4\Yolo-v4\darknet\src\rnn_layer.c" "C:\Users\Charbel\Desktop\CJ_YOLO_v4\Yolo-v4\darknet\src\rnn_vid.c" "C:\Users\Charbel\Desktop\CJ_YOLO_v4\Yolo-v4\darknet\src\route_layer.c" "C:\Users\Charbel\Desktop\CJ_YOLO_v4\Yolo-v4\darknet\src\sam_layer.c" "C:\Users\Charbel\Desktop\CJ_YOLO_v4\Yolo-v4\darknet\src\scale_channels_layer.c" "C:\Users\Charbel\Desktop\CJ_YOLO_v4\Yolo-v4\darknet\src\shortcut_layer.c" "C:\Users\Charbel\Desktop\CJ_YOLO_v4\Yolo-v4\darknet\src\softmax_layer.c" "C:\Users\Charbel\Desktop\CJ_YOLO_v4\Yolo-v4\darknet\src\super.c" "C:\Users\Charbel\Desktop\CJ_YOLO_v4\Yolo-v4\darknet\src\swag.c" "C:\Users\Charbel\Desktop\CJ_YOLO_v4\Yolo-v4\darknet\src\tag.c" "C:\Users\Charbel\Desktop\CJ_YOLO_v4\Yolo-v4\darknet\src\tree.c" "C:\Users\Charbel\Desktop\CJ_YOLO_v4\Yolo-v4\darknet\src\upsample_layer.c" "C:\Users\Charbel\Desktop\CJ_YOLO_v4\Yolo-v4\darknet\src\utils.c" "C:\Users\Charbel\Desktop\CJ_YOLO_v4\Yolo-v4\darknet\src\voxel.c" "C:\Users\Charbel\Desktop\CJ_YOLO_v4\Yolo-v4\darknet\src\writing.c" "C:\Users\Charbel\Desktop\CJ_YOLO_v4\Yolo-v4\darknet\src\yolo.c" "C:\Users\Charbel\Desktop\CJ_YOLO_v4\Yolo-v4\darknet\src\yolo_layer.c"
  darknet.c
  activation_layer.c
  activations.c
  art.c
  avgpool_layer.c
  batchnorm_layer.c
  blas.c
  box.c
  captcha.c
  cifar.c
  classifier.c
  coco.c
  col2im.c
  compare.c
  connected_layer.c
  conv_lstm_layer.c
  convolutional_layer.c
  cost_layer.c
  cpu_gemm.c
  crnn_layer.c
  Generating Code...
  Compiling...
  crop_layer.c
  dark_cuda.c
  data.c
  deconvolutional_layer.c
  demo.c
  detection_layer.c
  detector.c
  dice.c
  dropout_layer.c
  gaussian_yolo_layer.c
  gemm.c
  getopt.c
  gettimeofday.c
  go.c
  gru_layer.c
  im2col.c
  image.c
  layer.c
  list.c
  local_layer.c
  Generating Code...
  Compiling...
  lstm_layer.c
  matrix.c
  maxpool_layer.c
  network.c
  nightmare.c
  normalization_layer.c
  option_list.c
  parser.c
  region_layer.c
  reorg_layer.c
  reorg_old_layer.c
  representation_layer.c
  rnn.c
  rnn_layer.c
  rnn_vid.c
  route_layer.c
  sam_layer.c
  scale_channels_layer.c
  shortcut_layer.c
  softmax_layer.c
  Generating Code...
  Compiling...
  super.c
  swag.c
  tag.c
  tree.c
  upsample_layer.c
  utils.c
  voxel.c
  writing.c
  yolo.c
  yolo_layer.c
  Generating Code...
  Microsoft (R) C/C++ Optimizing Compiler Version 19.27.29111 for x64
  Copyright (C) Microsoft Corporation.  All rights reserved.
  cl /c /I"C:\Users\Charbel\Desktop\CJ_YOLO_v4\Yolo-v4\darknet\include" /I"C:\Users\Charbel\Desktop\CJ_YOLO_v4\Yolo-v4\darknet\src" /I"C:\Users\Charbel\Desktop\CJ_YOLO_v4\Yolo-v4\darknet\3rdparty\stb\include" /I"C:\Users\Charbel\Desktop\CJ_YOLO_v4\Yolo-v4\darknet\3rdparty\pthreads\include" /W1 /WX- /diagnostics:column /Ox /Ob2 /D _MBCS /D WIN32 /D _WINDOWS /D NDEBUG /D USE_CMAKE_LIBS /D _CRT_RAND_S /D NOMINMAX /D _USE_MATH_DEFINES /D _TIMESPEC_DEFINED /D "CMAKE_INTDIR=\"Release\"" /Gm- /EHsc /MD /GS /fp:fast /Zc:wchar_t /Zc:forScope /Zc:inline /GR /openmp /Fo"darknet.dir\Release\\" /Fd"darknet.dir\Release\vc142.pdb" /Gd /TP /wd4013 /wd4018 /wd4028 /wd4047 /wd4068 /wd4090 /wd4101 /wd4113 /wd4133 /wd4190 /wd4244 /wd4267 /wd4305 /wd4477 /wd4996 /wd4819 /errorReport:prompt "C:\Users\Charbel\Desktop\CJ_YOLO_v4\Yolo-v4\darknet\src\http_stream.cpp" "C:\Users\Charbel\Desktop\CJ_YOLO_v4\Yolo-v4\darknet\src\image_opencv.cpp"
  http_stream.cpp
  image_opencv.cpp
  Generating Code...
  darknet.vcxproj -> C:\Users\Charbel\Desktop\CJ_YOLO_v4\Yolo-v4\darknet\Release\darknet.exe
