Looking for a CUDA compiler failed with the following output:
-- Selecting Windows SDK version 10.0.18362.0 to target Windows 10.0.17134.
CMake Error at C:/Program Files/CMake/share/cmake-3.22/Modules/CMakeDetermineCompilerId.cmake:472 (message):
  No CUDA toolset found.
Call Stack (most recent call first):
  C:/Program Files/CMake/share/cmake-3.22/Modules/CMakeDetermineCompilerId.cmake:6 (CMAKE_DETERMINE_COMPILER_ID_BUILD)
  C:/Program Files/CMake/share/cmake-3.22/Modules/CMakeDetermineCompilerId.cmake:59 (__determine_compiler_id_test)
  C:/Program Files/CMake/share/cmake-3.22/Modules/CMakeDetermineCUDACompiler.cmake:298 (CMAKE_DETERMINE_COMPILER_ID)
  CMakeLists.txt:2 (project)


-- Configuring incomplete, errors occurred!
See also "C:/Users/Charbel/Desktop/CJ_YOLO_v4/Yolo-v4/darknet/CMakeFiles/CheckCUDA/CMakeFiles/CMakeOutput.log".

Determining if the include file pthread.h exists failed with the following output:
Change Dir: C:/Users/Charbel/Desktop/CJ_YOLO_v4/Yolo-v4/darknet/CMakeFiles/CMakeTmp

Run Build Command(s):C:/Program Files (x86)/Microsoft Visual Studio/2019/Community/MSBuild/Current/Bin/MSBuild.exe cmTC_901bb.vcxproj /p:Configuration=Debug /p:Platform=x64 /p:VisualStudioVersion=16.0 /v:m && Microsoft (R) Build Engine version 16.7.0+b89cb5fde for .NET Framework
Copyright (C) Microsoft Corporation. All rights reserved.

  Microsoft (R) C/C++ Optimizing Compiler Version 19.27.29111 for x64
  CheckIncludeFile.c
  Copyright (C) Microsoft Corporation.  All rights reserved.
  cl /c /Zi /W1 /WX- /diagnostics:column /Od /Ob0 /D _MBCS /D WIN32 /D _WINDOWS /D "CMAKE_INTDIR=\"Debug\"" /Gm- /RTC1 /MDd /GS /fp:precise /Zc:wchar_t /Zc:forScope /Zc:inline /Fo"cmTC_901bb.dir\Debug\\" /Fd"cmTC_901bb.dir\Debug\vc142.pdb" /Gd /TC /errorReport:queue "C:\Users\Charbel\Desktop\CJ_YOLO_v4\Yolo-v4\darknet\CMakeFiles\CMakeTmp\CheckIncludeFile.c"
C:\Users\Charbel\Desktop\CJ_YOLO_v4\Yolo-v4\darknet\CMakeFiles\CMakeTmp\CheckIncludeFile.c(1,10): fatal error C1083: Cannot open include file: 'pthread.h': No such file or directory [C:\Users\Charbel\Desktop\CJ_YOLO_v4\Yolo-v4\darknet\CMakeFiles\CMakeTmp\cmTC_901bb.vcxproj]



